Removed Member From Class: ClassName=Sheet1 Member=JP10
Change Component Designator: OldDesignator=JP1 NewDesignator=JP4
Change Component Designator: OldDesignator=JP2 NewDesignator=JP5
Change Component Designator: OldDesignator=JP3 NewDesignator=JP7
Change Component Designator: OldDesignator=JP4 NewDesignator=JP2
Change Component Designator: OldDesignator=JP7 NewDesignator=JP3
Change Component Designator: OldDesignator=JP10 NewDesignator=JP1
Change Component Designator: OldDesignator=P3 NewDesignator=P4
Change Component Designator: OldDesignator=P4 NewDesignator=P5
Change Component Designator: OldDesignator=P5 NewDesignator=P6
Change Component Designator: OldDesignator=R4 NewDesignator=R3
Change Component Designator: OldDesignator=R5 NewDesignator=R4
Added Component: Designator=DHT1(DHT22)
Added Component: Designator=P3(HDR1X4)
Add component (AddParameter): Name = "LatestRevisionDate"; Value = "17-Jul-2002"; VariantName = "[No Variations]"
Add component (AddParameter): Name = "LatestRevisionNote"; Value = "Re-released for DXP Platform."; VariantName = "[No Variations]"
Add component (AddParameter): Name = "Publisher"; Value = "Altium Limited"; VariantName = "[No Variations]"
Added Component: Designator=P7(HDR1X4)
Add component (AddParameter): Name = "LatestRevisionDate"; Value = "17-Jul-2002"; VariantName = "[No Variations]"
Add component (AddParameter): Name = "LatestRevisionNote"; Value = "Re-released for DXP Platform."; VariantName = "[No Variations]"
Add component (AddParameter): Name = "Publisher"; Value = "Altium Limited"; VariantName = "[No Variations]"
Added Component: Designator=P8(HDR1X8)
Add component (AddParameter): Name = "LatestRevisionDate"; Value = "17-Jul-2002"; VariantName = "[No Variations]"
Add component (AddParameter): Name = "LatestRevisionNote"; Value = "Re-released for DXP Platform."; VariantName = "[No Variations]"
Add component (AddParameter): Name = "Publisher"; Value = "Altium Limited"; VariantName = "[No Variations]"
Added Component: Designator=P9(HDR1X4)
Add component (AddParameter): Name = "LatestRevisionDate"; Value = "17-Jul-2002"; VariantName = "[No Variations]"
Add component (AddParameter): Name = "LatestRevisionNote"; Value = "Re-released for DXP Platform."; VariantName = "[No Variations]"
Add component (AddParameter): Name = "Publisher"; Value = "Altium Limited"; VariantName = "[No Variations]"
Added Component: Designator=P10(HDR1X4)
Add component (AddParameter): Name = "LatestRevisionDate"; Value = "17-Jul-2002"; VariantName = "[No Variations]"
Add component (AddParameter): Name = "LatestRevisionNote"; Value = "Re-released for DXP Platform."; VariantName = "[No Variations]"
Add component (AddParameter): Name = "Publisher"; Value = "Altium Limited"; VariantName = "[No Variations]"
Added Pin To Net: NetName=+5 Pin=DHT1-1
Added Pin To Net: NetName=GND Pin=DHT1-4
Added Pin To Net: NetName=GND Pin=P3-3
Added Pin To Net: NetName=+5 Pin=P3-4
Added Pin To Net: NetName=GND Pin=P7-3
Added Pin To Net: NetName=+5 Pin=P7-4
Added Pin To Net: NetName=GND Pin=P9-3
Added Pin To Net: NetName=+5 Pin=P9-4
Added Pin To Net: NetName=GND Pin=P10-3
Added Pin To Net: NetName=+5 Pin=P10-4
Change Net Name : Old Net Name=NetJP1_2 New Net Name=NetJP4_2
Change Net Name : Old Net Name=NetJP2_2 New Net Name=NetJP5_2
Change Net Name : Old Net Name=NetJP3_2 New Net Name=NetJP7_2
Change Net Name : Old Net Name=NetJP4_2 New Net Name=NetJP2_2
Change Net Name : Old Net Name=NetR4_2 New Net Name=NetR3_2
Change Net Name : Old Net Name=NetR5_2 New Net Name=NetR4_2
Added Pin To Net: NetName=NetDHT1_2 Pin=DHT1-2
Added Pin To Net: NetName=NetDHT1_2 Pin=P6-9
Added Net: Name=NetDHT1_2
Added Pin To Net: NetName=NetP3_1 Pin=P3-1
Added Pin To Net: NetName=NetP3_1 Pin=P6-14
Added Pin To Net: NetName=NetP3_1 Pin=P8-8
Added Net: Name=NetP3_1
Added Pin To Net: NetName=NetP3_2 Pin=P3-2
Added Pin To Net: NetName=NetP3_2 Pin=P6-13
Added Pin To Net: NetName=NetP3_2 Pin=P8-7
Added Net: Name=NetP3_2
Added Pin To Net: NetName=NetP6_5 Pin=P6-5
Added Pin To Net: NetName=NetP6_5 Pin=P8-1
Added Pin To Net: NetName=NetP6_5 Pin=P10-2
Added Net: Name=NetP6_5
Added Pin To Net: NetName=NetP6_6 Pin=P6-6
Added Pin To Net: NetName=NetP6_6 Pin=P8-2
Added Pin To Net: NetName=NetP6_6 Pin=P10-1
Added Net: Name=NetP6_6
Added Pin To Net: NetName=NetP6_7 Pin=P6-7
Added Pin To Net: NetName=NetP6_7 Pin=P8-3
Added Pin To Net: NetName=NetP6_7 Pin=P9-2
Added Net: Name=NetP6_7
Added Pin To Net: NetName=NetP6_8 Pin=P6-8
Added Pin To Net: NetName=NetP6_8 Pin=P8-4
Added Pin To Net: NetName=NetP6_8 Pin=P9-1
Added Net: Name=NetP6_8
Added Pin To Net: NetName=NetP6_11 Pin=P6-11
Added Pin To Net: NetName=NetP6_11 Pin=P7-2
Added Pin To Net: NetName=NetP6_11 Pin=P8-5
Added Net: Name=NetP6_11
Added Pin To Net: NetName=NetP6_12 Pin=P6-12
Added Pin To Net: NetName=NetP6_12 Pin=P7-1
Added Pin To Net: NetName=NetP6_12 Pin=P8-6
Added Net: Name=NetP6_12
Added Member To Class: ClassName=Sheet1 Member=Component DHT1 DHT22
Added Member To Class: ClassName=Sheet1 Member=Component JP5 Jumper
Added Member To Class: ClassName=Sheet1 Member=Component P6 Header 20
Added Member To Class: ClassName=Sheet1 Member=Component P7 Header 4
Added Member To Class: ClassName=Sheet1 Member=Component P8 Header 8
Added Member To Class: ClassName=Sheet1 Member=Component P9 Header 4
Added Member To Class: ClassName=Sheet1 Member=Component P10 Header 4
Added Room: Name=Sheet1
