Removed Pin From Net: NetName=NetDHT1_2 Pin=P7-9
Change Component Designator: OldDesignator=JP2 NewDesignator=JP1
Change Component Designator: OldDesignator=JP3 NewDesignator=JP2
Change Component Designator: OldDesignator=JP4 NewDesignator=JP3
Change Component Designator: OldDesignator=JP5 NewDesignator=JP4
Change Component Designator: OldDesignator=JP6 NewDesignator=JP5
Change Component Designator: OldDesignator=JP7 NewDesignator=JP6
Change Component Designator: OldDesignator=JP8 NewDesignator=JP7
Change Component Designator: OldDesignator=JP9 NewDesignator=JP8
Change Component Designator: OldDesignator=JP10 NewDesignator=JP9
Change Component Designator: OldDesignator=JP11 NewDesignator=JP10
Change Component Designator: OldDesignator=JP12 NewDesignator=JP11
Change Component Designator: OldDesignator=JP13 NewDesignator=JP12
Change Component Designator: OldDesignator=JP14 NewDesignator=JP13
Added Component: Designator=R7(RES-(1/4))
Add component (AddParameter): Name = "Designer"; Value = "Ali Hafizi"; VariantName = "[No Variations]"
Added Pin To Net: NetName=NetDHT1_2 Pin=R7-1
Change Net Name : Old Net Name=NetJP2_1 New Net Name=NetJP1_1
Change Net Name : Old Net Name=NetJP2_2 New Net Name=NetJP1_2
Change Net Name : Old Net Name=NetJP5_2 New Net Name=NetJP4_2
Change Net Name : Old Net Name=NetJP6_1 New Net Name=NetJP5_1
Change Net Name : Old Net Name=NetJP7_2 New Net Name=NetJP6_2
Change Net Name : Old Net Name=NetJP8_1 New Net Name=NetJP7_1
Change Net Name : Old Net Name=NetJP8_2 New Net Name=NetJP7_2
Change Net Name : Old Net Name=NetJP10_2 New Net Name=NetJP9_2
Change Net Name : Old Net Name=NetJP11_2 New Net Name=NetJP10_2
Change Net Name : Old Net Name=NetJP12_1 New Net Name=NetJP11_1
Change Net Name : Old Net Name=NetJP13_2 New Net Name=NetJP12_2
Change Net Name : Old Net Name=NetJP14_2 New Net Name=NetJP13_2
Added Pin To Net: NetName=NetP7_9 Pin=P7-9
Added Pin To Net: NetName=NetP7_9 Pin=R7-2
Added Net: Name=NetP7_9
Added Member To Class: ClassName=Sheet1 Member=Component R7 1K
Added Room: Name=Sheet1
