Removed Pin From Net: NetName=B.4_IN Pin=U3-10
Removed Pin From Net: NetName=B.3_IN Pin=U3-12
Change Component Designator: OldDesignator=P2 NewDesignator=P4
Change Component Designator: OldDesignator=P3 NewDesignator=P5
Change Component Designator: OldDesignator=R5 NewDesignator=R4
Added Component: Designator=C1(Cap-100nF)
Add component (AddParameter): Name = "Designer"; Value = "Ali Hafizi"; VariantName = "[No Variations]"
Added Component: Designator=C2(Cap-100nF)
Add component (AddParameter): Name = "Designer"; Value = "Ali Hafizi"; VariantName = "[No Variations]"
Added Component: Designator=D4(DO 35)
Add component (AddParameter): Name = "ComponentLink1Description"; Value = "Manufacturer Link"; VariantName = "[No Variations]"
Add component (AddParameter): Name = "ComponentLink1URL"; Value = "http://www.digikey.com/product-detail/en/fairchild-on-semiconductor/1N4148/1N4148FS-ND/458603"; VariantName = "[No Variations]"
Add component (AddParameter): Name = "ComponentLink2Description"; Value = "Datasheet"; VariantName = "[No Variations]"
Add component (AddParameter): Name = "DatasheetVersion"; Value = ""; VariantName = "[No Variations]"
Add component (AddParameter): Name = "LatestRevisionDate"; Value = ""; VariantName = "[No Variations]"
Add component (AddParameter): Name = "LatestRevisionNote"; Value = ""; VariantName = "[No Variations]"
Add component (AddParameter): Name = "PackageDescription"; Value = "DIODE GEN PURP 100V 200MA DO35"; VariantName = "[No Variations]"
Add component (AddParameter): Name = "PackageReference"; Value = "DO 35"; VariantName = "[No Variations]"
Add component (AddParameter): Name = "PackageVersion"; Value = "2017-1-12"; VariantName = "[No Variations]"
Add component (AddParameter): Name = "PART.NO"; Value = "1N4148"; VariantName = "[No Variations]"
Add component (AddParameter): Name = "Published"; Value = "2017-1-12"; VariantName = "[No Variations]"
Add component (AddParameter): Name = "Publisher"; Value = "Abbas Basereh"; VariantName = "[No Variations]"
Added Component: Designator=D5(DO 35)
Add component (AddParameter): Name = "ComponentLink1Description"; Value = "Manufacturer Link"; VariantName = "[No Variations]"
Add component (AddParameter): Name = "ComponentLink1URL"; Value = "http://www.digikey.com/product-detail/en/fairchild-on-semiconductor/1N4148/1N4148FS-ND/458603"; VariantName = "[No Variations]"
Add component (AddParameter): Name = "ComponentLink2Description"; Value = "Datasheet"; VariantName = "[No Variations]"
Add component (AddParameter): Name = "DatasheetVersion"; Value = ""; VariantName = "[No Variations]"
Add component (AddParameter): Name = "LatestRevisionDate"; Value = ""; VariantName = "[No Variations]"
Add component (AddParameter): Name = "LatestRevisionNote"; Value = ""; VariantName = "[No Variations]"
Add component (AddParameter): Name = "PackageDescription"; Value = "DIODE GEN PURP 100V 200MA DO35"; VariantName = "[No Variations]"
Add component (AddParameter): Name = "PackageReference"; Value = "DO 35"; VariantName = "[No Variations]"
Add component (AddParameter): Name = "PackageVersion"; Value = "2017-1-12"; VariantName = "[No Variations]"
Add component (AddParameter): Name = "PART.NO"; Value = "1N4148"; VariantName = "[No Variations]"
Add component (AddParameter): Name = "Published"; Value = "2017-1-12"; VariantName = "[No Variations]"
Add component (AddParameter): Name = "Publisher"; Value = "Abbas Basereh"; VariantName = "[No Variations]"
Added Component: Designator=D6(DO 35)
Add component (AddParameter): Name = "ComponentLink1Description"; Value = "Manufacturer Link"; VariantName = "[No Variations]"
Add component (AddParameter): Name = "ComponentLink1URL"; Value = "http://www.digikey.com/product-detail/en/fairchild-on-semiconductor/1N4148/1N4148FS-ND/458603"; VariantName = "[No Variations]"
Add component (AddParameter): Name = "ComponentLink2Description"; Value = "Datasheet"; VariantName = "[No Variations]"
Add component (AddParameter): Name = "DatasheetVersion"; Value = ""; VariantName = "[No Variations]"
Add component (AddParameter): Name = "LatestRevisionDate"; Value = ""; VariantName = "[No Variations]"
Add component (AddParameter): Name = "LatestRevisionNote"; Value = ""; VariantName = "[No Variations]"
Add component (AddParameter): Name = "PackageDescription"; Value = "DIODE GEN PURP 100V 200MA DO35"; VariantName = "[No Variations]"
Add component (AddParameter): Name = "PackageReference"; Value = "DO 35"; VariantName = "[No Variations]"
Add component (AddParameter): Name = "PackageVersion"; Value = "2017-1-12"; VariantName = "[No Variations]"
Add component (AddParameter): Name = "PART.NO"; Value = "1N4148"; VariantName = "[No Variations]"
Add component (AddParameter): Name = "Published"; Value = "2017-1-12"; VariantName = "[No Variations]"
Add component (AddParameter): Name = "Publisher"; Value = "Abbas Basereh"; VariantName = "[No Variations]"
Added Component: Designator=D7(DO 35)
Add component (AddParameter): Name = "ComponentLink1Description"; Value = "Manufacturer Link"; VariantName = "[No Variations]"
Add component (AddParameter): Name = "ComponentLink1URL"; Value = "http://www.digikey.com/product-detail/en/fairchild-on-semiconductor/1N4148/1N4148FS-ND/458603"; VariantName = "[No Variations]"
Add component (AddParameter): Name = "ComponentLink2Description"; Value = "Datasheet"; VariantName = "[No Variations]"
Add component (AddParameter): Name = "DatasheetVersion"; Value = ""; VariantName = "[No Variations]"
Add component (AddParameter): Name = "LatestRevisionDate"; Value = ""; VariantName = "[No Variations]"
Add component (AddParameter): Name = "LatestRevisionNote"; Value = ""; VariantName = "[No Variations]"
Add component (AddParameter): Name = "PackageDescription"; Value = "DIODE GEN PURP 100V 200MA DO35"; VariantName = "[No Variations]"
Add component (AddParameter): Name = "PackageReference"; Value = "DO 35"; VariantName = "[No Variations]"
Add component (AddParameter): Name = "PackageVersion"; Value = "2017-1-12"; VariantName = "[No Variations]"
Add component (AddParameter): Name = "PART.NO"; Value = "1N4148"; VariantName = "[No Variations]"
Add component (AddParameter): Name = "Published"; Value = "2017-1-12"; VariantName = "[No Variations]"
Add component (AddParameter): Name = "Publisher"; Value = "Abbas Basereh"; VariantName = "[No Variations]"
Added Component: Designator=P2(HDR1X2)
Add component (AddParameter): Name = "LatestRevisionDate"; Value = "17-Jul-2002"; VariantName = "[No Variations]"
Add component (AddParameter): Name = "LatestRevisionNote"; Value = "Re-released for DXP Platform."; VariantName = "[No Variations]"
Add component (AddParameter): Name = "Publisher"; Value = "Altium Limited"; VariantName = "[No Variations]"
Added Component: Designator=P3(HDR1X2)
Add component (AddParameter): Name = "LatestRevisionDate"; Value = "17-Jul-2002"; VariantName = "[No Variations]"
Add component (AddParameter): Name = "LatestRevisionNote"; Value = "Re-released for DXP Platform."; VariantName = "[No Variations]"
Add component (AddParameter): Name = "Publisher"; Value = "Altium Limited"; VariantName = "[No Variations]"
Added Component: Designator=R3(RES-(1/4))
Add component (AddParameter): Name = "Designer"; Value = "Ali Hafizi"; VariantName = "[No Variations]"
Added Pin To Net: NetName=B.9_EN Pin=R3-1
Added Pin To Net: NetName=GND Pin=U3-1
Added Pin To Net: NetName=B.3_IN Pin=U3-10
Added Pin To Net: NetName=B.4_IN Pin=U3-12
Added Pin To Net: NetName=GND Pin=U3-15
Added Pin To Net: NetName=GND Pin=U4-1
Added Pin To Net: NetName=GND Pin=U4-15
Change Net Name : Old Net Name=NetR5_2 New Net Name=NetR4_2
Added Pin To Net: NetName=NetC1_1 Pin=C1-1
Added Pin To Net: NetName=NetC1_1 Pin=D5-2
Added Pin To Net: NetName=NetC1_1 Pin=P2-2
Added Pin To Net: NetName=NetC1_1 Pin=U3-3
Added Net: Name=NetC1_1
Added Pin To Net: NetName=NetC1_2 Pin=C1-2
Added Pin To Net: NetName=NetC1_2 Pin=D4-2
Added Pin To Net: NetName=NetC1_2 Pin=P2-1
Added Pin To Net: NetName=NetC1_2 Pin=U3-2
Added Net: Name=NetC1_2
Added Pin To Net: NetName=NetC2_1 Pin=C2-1
Added Pin To Net: NetName=NetC2_1 Pin=D7-2
Added Pin To Net: NetName=NetC2_1 Pin=P3-2
Added Pin To Net: NetName=NetC2_1 Pin=U3-14
Added Net: Name=NetC2_1
Added Pin To Net: NetName=NetC2_2 Pin=C2-2
Added Pin To Net: NetName=NetC2_2 Pin=D6-2
Added Pin To Net: NetName=NetC2_2 Pin=P3-1
Added Pin To Net: NetName=NetC2_2 Pin=U3-13
Added Net: Name=NetC2_2
Added Pin To Net: NetName=NetD4_1 Pin=D4-1
Added Pin To Net: NetName=NetD4_1 Pin=D5-1
Added Pin To Net: NetName=NetD4_1 Pin=D6-1
Added Pin To Net: NetName=NetD4_1 Pin=D7-1
Added Net: Name=NetD4_1
Added Pin To Net: NetName=NetR3_2 Pin=R3-2
Added Pin To Net: NetName=NetR3_2 Pin=U3-11
Added Net: Name=NetR3_2
Added Member To Class: ClassName=Sheet1 Member=Component C1 100nF
Added Member To Class: ClassName=Sheet1 Member=Component C2 100nF
Added Member To Class: ClassName=Sheet1 Member=Component D4 1N4148
Added Member To Class: ClassName=Sheet1 Member=Component D5 1N4148
Added Member To Class: ClassName=Sheet1 Member=Component D6 1N4148
Added Member To Class: ClassName=Sheet1 Member=Component D7 1N4148
Added Member To Class: ClassName=Sheet1 Member=Component P4 Header 20
Added Member To Class: ClassName=Sheet1 Member=Component P5 Header 20
Added Member To Class: ClassName=Sheet1 Member=Component R3 1K
Added Member To Class: ClassName=Sheet1 Member=Component U3 L298N
Added Room: Name=Sheet1
