Removed Pin From Net: NetName=GND Pin=JP4-1
Removed Pin From Net: NetName=B.6_EN Pin=JP5-1
Removed Pin From Net: NetName=B.7_EN Pin=JP6-1
Removed Pin From Net: NetName=+5 Pin=JP?-2
Removed Member From Class: ClassName=Sheet1 Member=JP4
Removed Member From Class: ClassName=Sheet1 Member=JP5
Removed Member From Class: ClassName=Sheet1 Member=JP6
Change Component Designator: OldDesignator=JP3 NewDesignator=JP?
Added Component: Designator=R4(RES-(1/4))
Add component (AddParameter): Name = "Designer"; Value = "Ali Hafizi"; VariantName = "[No Variations]"
Added Component: Designator=R5(RES-(1/4))
Add component (AddParameter): Name = "Designer"; Value = "Ali Hafizi"; VariantName = "[No Variations]"
Added Pin To Net: NetName=GND Pin=JP?-1
Added Pin To Net: NetName=B.7_EN Pin=R4-1
Added Pin To Net: NetName=B.6_EN Pin=R5-1
Added Pin To Net: NetName=+5 Pin=U3-9
Change Net Name : Old Net Name=NetJP3_2 New Net Name=NetJP?_2
Added Pin To Net: NetName=NetR4_2 Pin=R4-2
Added Pin To Net: NetName=NetR4_2 Pin=U4-6
Added Net: Name=NetR4_2
Added Pin To Net: NetName=NetR5_2 Pin=R5-2
Added Pin To Net: NetName=NetR5_2 Pin=U4-11
Added Net: Name=NetR5_2
Added Member To Class: ClassName=Sheet1 Member=Component JP? Jumper
Added Member To Class: ClassName=Sheet1 Member=Component R4 1K
Added Member To Class: ClassName=Sheet1 Member=Component R5 1K
