Change Component Designator: OldDesignator=JP8 NewDesignator=JP9
Change Component Designator: OldDesignator=JP9 NewDesignator=JP10
Change Component Designator: OldDesignator=JP10 NewDesignator=JP11
Change Component Designator: OldDesignator=JP11 NewDesignator=JP12
Change Component Designator: OldDesignator=JP12 NewDesignator=JP13
Change Component Designator: OldDesignator=JP13 NewDesignator=JP14
Added Component: Designator=DHT1(DHT22)
Added Component: Designator=JP1(Jumper)
Add component (AddParameter): Name = "Company"; Value = "E.P.I.L"; VariantName = "[No Variations]"
Add component (AddParameter): Name = "Defualt State"; Value = "Close"; VariantName = "[No Variations]"
Add component (AddParameter): Name = "Design Date"; Value = "2011/11/02"; VariantName = "[No Variations]"
Added Component: Designator=JP8(Jumper)
Add component (AddParameter): Name = "Company"; Value = "E.P.I.L"; VariantName = "[No Variations]"
Add component (AddParameter): Name = "Defualt State"; Value = "Close"; VariantName = "[No Variations]"
Add component (AddParameter): Name = "Design Date"; Value = "2011/11/02"; VariantName = "[No Variations]"
Added Pin To Net: NetName=+5 Pin=DHT1-1
Added Pin To Net: NetName=NetDHT1_2 Pin=DHT1-2
Added Pin To Net: NetName=GND Pin=DHT1-4
Added Pin To Net: NetName=+12 Pin=JP1-1
Added Pin To Net: NetName=+12 Pin=JP1-2
Change Net Name : Old Net Name=NetJP9_2 New Net Name=NetJP10_2
Change Net Name : Old Net Name=NetJP10_2 New Net Name=NetJP11_2
Change Net Name : Old Net Name=NetJP11_1 New Net Name=NetJP12_1
Change Net Name : Old Net Name=NetJP12_2 New Net Name=NetJP13_2
Change Net Name : Old Net Name=NetJP13_2 New Net Name=NetJP14_2
Added Pin To Net: NetName=NetJP8_1 Pin=JP8-1
Added Pin To Net: NetName=NetJP8_1 Pin=P6-4
Added Net: Name=NetJP8_1
Added Pin To Net: NetName=NetJP8_2 Pin=JP8-2
Added Pin To Net: NetName=NetJP8_2 Pin=SP1-1
Added Net: Name=NetJP8_2
Added Member To Class: ClassName=Sheet1 Member=Component DHT1 DHT22
Added Member To Class: ClassName=Sheet1 Member=Component JP1 Jumper
Added Member To Class: ClassName=Sheet1 Member=Component JP2 Jumper
Added Member To Class: ClassName=Sheet1 Member=Component JP3 Jumper
Added Member To Class: ClassName=Sheet1 Member=Component JP6 Jumper
Added Member To Class: ClassName=Sheet1 Member=Component JP7 Jumper
Added Member To Class: ClassName=Sheet1 Member=Component JP8 Jumper
Added Member To Class: ClassName=Sheet1 Member=Component JP11 Jumper
Added Member To Class: ClassName=Sheet1 Member=Component JP14 Jumper
Added Room: Name=Sheet1
