Removed Pin From Net: NetName=B.7_EN Pin=R4-1
Removed Pin From Net: NetName=B.6_EN Pin=R5-1
Removed Member From Class: ClassName=Sheet1 Member=R4
Removed Member From Class: ClassName=Sheet1 Member=R5
Added Component: Designator=JP5(Jumper)
Add component (AddParameter): Name = "Company"; Value = "E.P.I.L"; VariantName = "[No Variations]"
Add component (AddParameter): Name = "Defualt State"; Value = "Close"; VariantName = "[No Variations]"
Add component (AddParameter): Name = "Design Date"; Value = "2011/11/02"; VariantName = "[No Variations]"
Added Component: Designator=JP6(Jumper)
Add component (AddParameter): Name = "Company"; Value = "E.P.I.L"; VariantName = "[No Variations]"
Add component (AddParameter): Name = "Defualt State"; Value = "Close"; VariantName = "[No Variations]"
Add component (AddParameter): Name = "Design Date"; Value = "2011/11/02"; VariantName = "[No Variations]"
Added Pin To Net: NetName=B.6_EN Pin=JP5-1
Added Pin To Net: NetName=B.7_EN Pin=JP6-1
Added Pin To Net: NetName=NetJP5_2 Pin=JP5-2
Added Pin To Net: NetName=NetJP5_2 Pin=U4-11
Added Net: Name=NetJP5_2
Added Pin To Net: NetName=NetJP6_2 Pin=JP6-2
Added Pin To Net: NetName=NetJP6_2 Pin=U4-6
Added Net: Name=NetJP6_2
Added Member To Class: ClassName=Sheet1 Member=Component JP5 Jumper
Added Member To Class: ClassName=Sheet1 Member=Component JP6 Jumper
Added Room: Name=Sheet1
